<?xml version="1.0" encoding="UTF-8"?>
<!-- Generated by org.testng.reporters.JUnitXMLReporter -->
<testsuite ignored="0" hostname="LAPTOP-669LVGAV" failures="0" tests="4" name="Default test" time="203.629" errors="0" timestamp="2023-08-10T10:34:18 IST">
  <testcase classname="Test.Hometest" name="test1" time="24.783"/>
  <testcase classname="Test.Itemtest" name="test2" time="95.147"/>
  <testcase classname="Test.SelectTest" name="test3" time="23.938"/>
  <testcase classname="Test.Searchtest" name="test4" time="37.409"/>
</testsuite> <!-- Default test -->
