<?xml version="1.0" encoding="UTF-8"?>
<testng-results ignored="0" total="4" passed="4" failed="0" skipped="0">
  <reporter-output>
  </reporter-output>
  <suite started-at="2023-08-10T10:30:54 IST" name="Default suite" finished-at="2023-08-10T10:34:18 IST" duration-ms="203629">
    <groups>
    </groups>
    <test started-at="2023-08-10T10:30:54 IST" name="Default test" finished-at="2023-08-10T10:34:18 IST" duration-ms="203629">
      <class name="Test.Searchtest">
        <test-method is-config="true" signature="setup()[pri:0, instance:Test.Searchtest@d5b810e]" started-at="2023-08-10T10:30:54 IST" name="setup" finished-at="2023-08-10T10:31:17 IST" duration-ms="22298" status="PASS">
          <reporter-output>
          </reporter-output>
        </test-method> <!-- setup -->
        <test-method signature="test1()[pri:1, instance:Test.Searchtest@d5b810e]" started-at="2023-08-10T10:31:17 IST" name="test1" finished-at="2023-08-10T10:31:41 IST" duration-ms="24783" status="PASS">
          <reporter-output>
          </reporter-output>
        </test-method> <!-- test1 -->
        <test-method signature="test2()[pri:2, instance:Test.Searchtest@d5b810e]" started-at="2023-08-10T10:31:41 IST" name="test2" finished-at="2023-08-10T10:33:17 IST" duration-ms="95147" status="PASS">
          <reporter-output>
          </reporter-output>
        </test-method> <!-- test2 -->
        <test-method signature="test3()[pri:3, instance:Test.Searchtest@d5b810e]" started-at="2023-08-10T10:33:17 IST" name="test3" finished-at="2023-08-10T10:33:41 IST" duration-ms="23938" status="PASS">
          <reporter-output>
          </reporter-output>
        </test-method> <!-- test3 -->
        <test-method signature="test4()[pri:4, instance:Test.Searchtest@d5b810e]" started-at="2023-08-10T10:33:41 IST" name="test4" finished-at="2023-08-10T10:34:18 IST" duration-ms="37409" status="PASS">
          <reporter-output>
          </reporter-output>
        </test-method> <!-- test4 -->
      </class> <!-- Test.Searchtest -->
    </test> <!-- Default test -->
  </suite> <!-- Default suite -->
</testng-results>
